#
# There is insufficient memory for the Java Runtime Environment to continue.
# Native memory allocation (mmap) failed to map 2147483648 bytes for G1 virtual space
# Possible reasons:
#   The system is out of physical RAM or swap space
#   The process is running with CompressedOops enabled, and the Java Heap may be blocking the growth of the native heap
# Possible solutions:
#   Reduce memory load on the system
#   Increase physical memory or swap space
#   Check if swap backing store is full
#   Decrease Java heap size (-Xmx/-Xms)
#   Decrease number of Java threads
#   Decrease Java thread stack sizes (-Xss)
#   Set larger code cache with -XX:ReservedCodeCacheSize=
#   JVM is running with Zero Based Compressed Oops mode in which the Java heap is
#     placed in the first 32GB address space. The Java Heap base address is the
#     maximum limit for the native heap growth. Please use -XX:HeapBaseMinAddress
#     to set the Java Heap base and to place the Java Heap above 32GB virtual address.
# This output file may be truncated or incomplete.
#
#  Out of Memory Error (os_windows.cpp:3613), pid=524632, tid=515880
#
# JRE version:  (17.0.10+7) (build )
# Java VM: OpenJDK 64-Bit Server VM (17.0.10+7, mixed mode, sharing, tiered, compressed oops, compressed class ptrs, g1 gc, windows-amd64)
# No core dump will be written. Minidumps are not enabled by default on client versions of Windows
#

---------------  S U M M A R Y ------------

Command Line: -Dfile.encoding=UTF-8 -Dstdout.encoding=UTF-8 -Dstderr.encoding=UTF-8 -XX:+ShowCodeDetailsInExceptionMessages seleniumAdvanced.DragAndDrop

Host: 12th Gen Intel(R) Core(TM) i9-12950HX, 24 cores, 127G,  Windows 11 , 64 bit Build 22621 (10.0.22621.3085)
Time: Fri Mar 15 02:37:47 2024 India Standard Time elapsed time: 0.013633 seconds (0d 0h 0m 0s)

---------------  T H R E A D  ---------------

Current thread (0x000001afa1044da0):  JavaThread "Unknown thread" [_thread_in_vm, id=515880, stack(0x000000366c400000,0x000000366c500000)]

Stack: [0x000000366c400000,0x000000366c500000]
Native frames: (J=compiled Java code, j=interpreted, Vv=VM code, C=native code)
V  [jvm.dll+0x67d2c9]
V  [jvm.dll+0x834afa]
V  [jvm.dll+0x8365be]
V  [jvm.dll+0x836c23]
V  [jvm.dll+0x2477ff]
V  [jvm.dll+0x67a109]
V  [jvm.dll+0x66eb7a]
V  [jvm.dll+0x30764b]
V  [jvm.dll+0x30eaf6]
V  [jvm.dll+0x35e83e]
V  [jvm.dll+0x35ea6f]
V  [jvm.dll+0x2de248]
V  [jvm.dll+0x2df1b4]
V  [jvm.dll+0x806361]
V  [jvm.dll+0x36c6f1]
V  [jvm.dll+0x7e4e06]
V  [jvm.dll+0x3eff3f]
V  [jvm.dll+0x3f1b71]
C  [jli.dll+0x528f]
C  [ucrtbase.dll+0x29363]
C  [KERNEL32.DLL+0x1257d]
C  [ntdll.dll+0x5aa58]


---------------  P R O C E S S  ---------------

Threads class SMR info:
_java_thread_list=0x00007ff8e8c2ee98, length=0, elements={
}

Java Threads: ( => current thread )

Other Threads:
  0x000001afa1079a30 GCTaskThread "GC Thread#0" [stack: 0x000000366c500000,0x000000366c600000] [id=516752]
  0x000001afa1089ff0 ConcurrentGCThread "G1 Main Marker" [stack: 0x000000366c600000,0x000000366c700000] [id=506104]
  0x000001afa108aa10 ConcurrentGCThread "G1 Conc#0" [stack: 0x000000366c700000,0x000000366c800000] [id=521244]

[error occurred during error reporting (printing all threads), id 0xc0000005, EXCEPTION_ACCESS_VIOLATION (0xc0000005) at pc=0x00007ff8e83eec87]

VM state: not at safepoint (not fully initialized)

VM Mutex/Monitor currently owned by a thread:  ([mutex/lock_event])
[0x000001af9ed1c890] Heap_lock - owner thread: 0x000001afa1044da0

Heap address: 0x0000000082000000, size: 30688 MB, Compressed Oops mode: Zero based, Oop shift amount: 3

CDS archive(s) mapped at: [0x0000000000000000-0x0000000000000000-0x0000000000000000), size 0, SharedBaseAddress: 0x0000000800000000, ArchiveRelocationMode: 1.
Narrow klass base: 0x0000000000000000, Narrow klass shift: 0, Narrow klass range: 0x0

GC Precious Log:
<Empty>

Heap:
 garbage-first heap   total 0K, used 0K [0x0000000082000000, 0x0000000800000000)
  region size 16384K, 0 young (0K), 0 survivors (0K)

[error occurred during error reporting (printing heap information), id 0xc0000005, EXCEPTION_ACCESS_VIOLATION (0xc0000005) at pc=0x00007ff8e87d6fb9]

GC Heap History (0 events):
No events

Dll operation events (1 events):
Event: 0.009 Loaded shared library C:\Users\dimani\.p2\pool\plugins\org.eclipse.justj.openjdk.hotspot.jre.full.win32.x86_64_17.0.10.v20240120-1143\jre\bin\java.dll

Deoptimization events (0 events):
No events

Classes unloaded (0 events):
No events

Classes redefined (0 events):
No events

Internal exceptions (0 events):
No events

VM Operations (0 events):
No events

Events (0 events):
No events


Dynamic libraries:
0x00007ff72e880000 - 0x00007ff72e88e000 	C:\Users\dimani\.p2\pool\plugins\org.eclipse.justj.openjdk.hotspot.jre.full.win32.x86_64_17.0.10.v20240120-1143\jre\bin\javaw.exe
0x00007ff9a4c70000 - 0x00007ff9a4e87000 	C:\WINDOWS\SYSTEM32\ntdll.dll
0x00007ff9a34b0000 - 0x00007ff9a3574000 	C:\WINDOWS\System32\KERNEL32.DLL
0x00007ff9a21f0000 - 0x00007ff9a2596000 	C:\WINDOWS\System32\KERNELBASE.dll
0x00007ff99bc30000 - 0x00007ff99bcc7000 	C:\WINDOWS\SYSTEM32\apphelp.dll
0x00007ff9a1fe0000 - 0x00007ff9a20f1000 	C:\WINDOWS\System32\ucrtbase.dll
0x00007ff99e5e0000 - 0x00007ff99e5f7000 	C:\Users\dimani\.p2\pool\plugins\org.eclipse.justj.openjdk.hotspot.jre.full.win32.x86_64_17.0.10.v20240120-1143\jre\bin\jli.dll
0x00007ff99e8b0000 - 0x00007ff99e8cb000 	C:\Users\dimani\.p2\pool\plugins\org.eclipse.justj.openjdk.hotspot.jre.full.win32.x86_64_17.0.10.v20240120-1143\jre\bin\VCRUNTIME140.dll
0x00007ff9a4a50000 - 0x00007ff9a4bfe000 	C:\WINDOWS\System32\USER32.dll
0x00007ff98b070000 - 0x00007ff98b303000 	C:\WINDOWS\WinSxS\amd64_microsoft.windows.common-controls_6595b64144ccf1df_6.0.22621.2506_none_270c5ae97388e100\COMCTL32.dll
0x00007ff9a1fb0000 - 0x00007ff9a1fd6000 	C:\WINDOWS\System32\win32u.dll
0x00007ff9a2ea0000 - 0x00007ff9a2f47000 	C:\WINDOWS\System32\msvcrt.dll
0x00007ff9a4c00000 - 0x00007ff9a4c29000 	C:\WINDOWS\System32\GDI32.dll
0x00007ff9a2660000 - 0x00007ff9a2778000 	C:\WINDOWS\System32\gdi32full.dll
0x00007ff9a2920000 - 0x00007ff9a29ba000 	C:\WINDOWS\System32\msvcp_win.dll
0x00007ff9a3ce0000 - 0x00007ff9a3d11000 	C:\WINDOWS\System32\IMM32.DLL
0x00007ff99eab0000 - 0x00007ff99eabc000 	C:\Users\dimani\.p2\pool\plugins\org.eclipse.justj.openjdk.hotspot.jre.full.win32.x86_64_17.0.10.v20240120-1143\jre\bin\vcruntime140_1.dll
0x00007ff97c5e0000 - 0x00007ff97c66d000 	C:\Users\dimani\.p2\pool\plugins\org.eclipse.justj.openjdk.hotspot.jre.full.win32.x86_64_17.0.10.v20240120-1143\jre\bin\msvcp140.dll
0x00007ff8e8100000 - 0x00007ff8e8d62000 	C:\Users\dimani\.p2\pool\plugins\org.eclipse.justj.openjdk.hotspot.jre.full.win32.x86_64_17.0.10.v20240120-1143\jre\bin\server\jvm.dll
0x00007ff9a3600000 - 0x00007ff9a36b3000 	C:\WINDOWS\System32\ADVAPI32.dll
0x00007ff9a3ea0000 - 0x00007ff9a3f48000 	C:\WINDOWS\System32\sechost.dll
0x00007ff9a2780000 - 0x00007ff9a27a8000 	C:\WINDOWS\System32\bcrypt.dll
0x00007ff9a31b0000 - 0x00007ff9a32c7000 	C:\WINDOWS\System32\RPCRT4.dll
0x00007ff956000000 - 0x00007ff956009000 	C:\WINDOWS\SYSTEM32\WSOCK32.dll
0x00007ff9a0d10000 - 0x00007ff9a0d5d000 	C:\WINDOWS\SYSTEM32\POWRPROF.dll
0x00007ff992810000 - 0x00007ff99281a000 	C:\WINDOWS\SYSTEM32\VERSION.dll
0x00007ff995b40000 - 0x00007ff995b74000 	C:\WINDOWS\SYSTEM32\WINMM.dll
0x00007ff9a3580000 - 0x00007ff9a35f1000 	C:\WINDOWS\System32\WS2_32.dll
0x00007ff9a0cf0000 - 0x00007ff9a0d03000 	C:\WINDOWS\SYSTEM32\UMPDC.dll
0x00007ff9a0fb0000 - 0x00007ff9a0fc8000 	C:\WINDOWS\SYSTEM32\kernel.appcore.dll
0x00007ff99ebf0000 - 0x00007ff99ebfa000 	C:\Users\dimani\.p2\pool\plugins\org.eclipse.justj.openjdk.hotspot.jre.full.win32.x86_64_17.0.10.v20240120-1143\jre\bin\jimage.dll
0x00007ff99f5d0000 - 0x00007ff99f803000 	C:\WINDOWS\SYSTEM32\DBGHELP.DLL
0x00007ff9a29d0000 - 0x00007ff9a2d59000 	C:\WINDOWS\System32\combase.dll
0x00007ff9a3c00000 - 0x00007ff9a3cd7000 	C:\WINDOWS\System32\OLEAUT32.dll
0x00007ff992680000 - 0x00007ff9926b2000 	C:\WINDOWS\SYSTEM32\dbgcore.DLL
0x00007ff9a2100000 - 0x00007ff9a217a000 	C:\WINDOWS\System32\bcryptPrimitives.dll
0x00007ff989cf0000 - 0x00007ff989d15000 	C:\Users\dimani\.p2\pool\plugins\org.eclipse.justj.openjdk.hotspot.jre.full.win32.x86_64_17.0.10.v20240120-1143\jre\bin\java.dll

dbghelp: loaded successfully - version: 4.0.5 - missing functions: none
symbol engine: initialized successfully - sym options: 0x614 - pdb path: .;C:\Users\dimani\.p2\pool\plugins\org.eclipse.justj.openjdk.hotspot.jre.full.win32.x86_64_17.0.10.v20240120-1143\jre\bin;C:\WINDOWS\SYSTEM32;C:\WINDOWS\WinSxS\amd64_microsoft.windows.common-controls_6595b64144ccf1df_6.0.22621.2506_none_270c5ae97388e100;C:\Users\dimani\.p2\pool\plugins\org.eclipse.justj.openjdk.hotspot.jre.full.win32.x86_64_17.0.10.v20240120-1143\jre\bin\server

VM Arguments:
jvm_args: -Dfile.encoding=UTF-8 -Dstdout.encoding=UTF-8 -Dstderr.encoding=UTF-8 -XX:+ShowCodeDetailsInExceptionMessages 
java_command: seleniumAdvanced.DragAndDrop
java_class_path (initial): C:\Users\dimani\eclipse-workspace\AutomationLearning\bin;C:\Users\dimani\Downloads\selenium-java-4.18.1\selenium-support-4.18.1.jar;C:\Users\dimani\Downloads\selenium-java-4.18.1\selenium-safari-driver-4.18.1.jar;C:\Users\dimani\Downloads\selenium-java-4.18.1\selenium-support-4.18.1-sources.jar;C:\Users\dimani\Downloads\selenium-java-4.18.1\selenium-remote-driver-4.18.1.jar;C:\Users\dimani\Downloads\selenium-java-4.18.1\selenium-safari-driver-4.18.1-sources.jar;C:\Users\dimani\Downloads\selenium-java-4.18.1\selenium-remote-driver-4.18.1-sources.jar;C:\Users\dimani\Downloads\selenium-java-4.18.1\selenium-os-4.18.1.jar;C:\Users\dimani\Downloads\selenium-java-4.18.1\selenium-os-4.18.1-sources.jar;C:\Users\dimani\Downloads\selenium-java-4.18.1\selenium-json-4.18.1.jar;C:\Users\dimani\Downloads\selenium-java-4.18.1\selenium-manager-4.18.1.jar;C:\Users\dimani\Downloads\selenium-java-4.18.1\selenium-manager-4.18.1-sources.jar;C:\Users\dimani\Downloads\selenium-java-4.18.1\selenium-json-4.18.1-sources.jar;C:\Users\dimani\Downloads\selenium-java-4.18.1\selenium-ie-driver-4.18.1.jar;C:\Users\dimani\Downloads\selenium-java-4.18.1\selenium-ie-driver-4.18.1-sources.jar;C:\Users\dimani\Downloads\selenium-java-4.18.1\selenium-java-4.18.1.jar;C:\Users\dimani\Downloads\selenium-java-4.18.1\selenium-java-4.18.1-sources.jar;C:\Users\dimani\Downloads\selenium-java-4.18.1\selenium-http-4.18.1.jar;C:\Users\dimani\Downloads\selenium-java-4.18.1\selenium-http-4.18.1-sources.jar;C:\Users\dimani\Downloads\selenium-java-4.18.1\selenium-firefox-driver-4.18.1.jar;C:\Users\dimani\Downloads\selenium-java-4.18.1\selenium-firefox-driver-4.18.1-sources.jar;C:\Users\dimani\Downloads\selenium-java-4.18.1\selenium-devtools-v85-4.18.1.jar;C:\Users\dimani\Downloads\selenium-java-4.18.1\selenium-edge-driver-4.18.1.jar;C:\Users\dimani\Downloads\selenium-java-4.18.1\selenium-edge-driver-4.18.1-sources.jar;C:\Users\dimani\Downloads\selenium-java-4.18.1\selenium-devtools-v85-4.18.
Launcher Type: SUN_STANDARD

[Global flags]
     intx CICompilerCount                          = 12                                        {product} {ergonomic}
     uint ConcGCThreads                            = 5                                         {product} {ergonomic}
     uint G1ConcRefinementThreads                  = 18                                        {product} {ergonomic}
   size_t G1HeapRegionSize                         = 16777216                                  {product} {ergonomic}
    uintx GCDrainStackTargetSize                   = 64                                        {product} {ergonomic}
   size_t InitialHeapSize                          = 2147483648                                {product} {ergonomic}
   size_t MarkStackSize                            = 4194304                                   {product} {ergonomic}
   size_t MaxHeapSize                              = 32178700288                               {product} {ergonomic}
   size_t MinHeapDeltaBytes                        = 16777216                                  {product} {ergonomic}
   size_t MinHeapSize                              = 16777216                                  {product} {ergonomic}
    uintx NonNMethodCodeHeapSize                   = 7602480                                {pd product} {ergonomic}
    uintx NonProfiledCodeHeapSize                  = 122027880                              {pd product} {ergonomic}
    uintx ProfiledCodeHeapSize                     = 122027880                              {pd product} {ergonomic}
    uintx ReservedCodeCacheSize                    = 251658240                              {pd product} {ergonomic}
     bool SegmentedCodeCache                       = true                                      {product} {ergonomic}
     bool ShowCodeDetailsInExceptionMessages       = true                                   {manageable} {command line}
   size_t SoftMaxHeapSize                          = 32178700288                            {manageable} {ergonomic}
     bool UseCompressedClassPointers               = true                           {product lp64_product} {ergonomic}
     bool UseCompressedOops                        = true                           {product lp64_product} {ergonomic}
     bool UseG1GC                                  = true                                      {product} {ergonomic}
     bool UseLargePagesIndividualAllocation        = false                                  {pd product} {ergonomic}

Logging:
Log output configuration:
 #0: stdout all=warning uptime,level,tags
 #1: stderr all=off uptime,level,tags

Environment Variables:
PATH=C:/Users/dimani/.p2/pool/plugins/org.eclipse.justj.openjdk.hotspot.jre.full.win32.x86_64_17.0.10.v20240120-1143/jre/bin/server;C:/Users/dimani/.p2/pool/plugins/org.eclipse.justj.openjdk.hotspot.jre.full.win32.x86_64_17.0.10.v20240120-1143/jre/bin;C:/Users/dimani/AppData/Local/Temp/eoi108F.tmp//plugins/org.eclipse.justj.openjdk.hotspot.jre.minimal.stripped.win32.x86_64_17.0.9.v20231028-0858/jre/bin/server;C:/Users/dimani/AppData/Local/Temp/eoi108F.tmp//plugins/org.eclipse.justj.openjdk.hotspot.jre.minimal.stripped.win32.x86_64_17.0.9.v20231028-0858/jre/bin;C:\Program Files (x86)\Common Files\Oracle\Java\javapath;C:\Program Files (x86)\Microsoft SDKs\Azure\CLI2\wbin;C:\Windows\system32;C:\Windows;C:\Windows\System32\Wbem;C:\Windows\System32\WindowsPowerShell\v1.0\;C:\Windows\System32\OpenSSH\;C:\Program Files\dotnet\;C:\Program Files (x86)\NVIDIA Corporation\PhysX\Common;C:\WINDOWS\system32;C:\WINDOWS;C:\WINDOWS\System32\Wbem;C:\WINDOWS\System32\WindowsPowerShell\v1.0\;C:\WINDOWS\System32\OpenSSH\;C:\Program Files\GitHub CLI\;C:\Program Files\Docker\Docker\resources\bin;C:\Program Files\Microsoft SQL Server\Client SDK\ODBC\170\Tools\Binn\;C:\Program Files\Microsoft SQL Server\150\Tools\Binn\;C:\Users\dimani\VivaGoals\Git\cmd;C:\Users\dimani\AppData\Local\Microsoft\WindowsApps;C:\Users\dimani\AppData\Local\Programs\Microsoft VS Code\bin;C:\Users\dimani\AppData\Local\JetBrains\Toolbox\scripts;C:\Users\dimani\.dotnet\tools;C:\Users\dimani\Downloads;;C:\Users\dimani\Downloads;
USERNAME=dimani
OS=Windows_NT
PROCESSOR_IDENTIFIER=Intel64 Family 6 Model 151 Stepping 2, GenuineIntel
TMP=C:\Users\dimani\AppData\Local\Temp
TEMP=C:\Users\dimani\AppData\Local\Temp



Periodic native trim disabled


---------------  S Y S T E M  ---------------

OS:
 Windows 11 , 64 bit Build 22621 (10.0.22621.3085)
OS uptime: 13 days 16:08 hours
Hyper-V role detected

CPU: total 24 (initial active 24) (12 cores per cpu, 2 threads per core) family 6 model 151 stepping 2 microcode 0x22, cx8, cmov, fxsr, ht, mmx, 3dnowpref, sse, sse2, sse3, ssse3, sse4.1, sse4.2, popcnt, lzcnt, tsc, tscinvbit, avx, avx2, aes, erms, clmul, bmi1, bmi2, adx, sha, fma, vzeroupper, clflush, clflushopt, clwb, hv
Processor Information for processor 0
  Max Mhz: 2300, Current Mhz: 2300, Mhz Limit: 2300
Processor Information for processor 1
  Max Mhz: 2300, Current Mhz: 1506, Mhz Limit: 2300
Processor Information for processor 2
  Max Mhz: 2300, Current Mhz: 2300, Mhz Limit: 2300
Processor Information for processor 3
  Max Mhz: 2300, Current Mhz: 1506, Mhz Limit: 2300
Processor Information for processor 4
  Max Mhz: 2300, Current Mhz: 2300, Mhz Limit: 2300
Processor Information for processor 5
  Max Mhz: 2300, Current Mhz: 1506, Mhz Limit: 2300
Processor Information for processor 6
  Max Mhz: 2300, Current Mhz: 2300, Mhz Limit: 2300
Processor Information for processor 7
  Max Mhz: 2300, Current Mhz: 2300, Mhz Limit: 2300
Processor Information for processor 8
  Max Mhz: 2300, Current Mhz: 2300, Mhz Limit: 2300
Processor Information for processor 9
  Max Mhz: 2300, Current Mhz: 2300, Mhz Limit: 2300
Processor Information for processor 10
  Max Mhz: 2300, Current Mhz: 2300, Mhz Limit: 2300
Processor Information for processor 11
  Max Mhz: 2300, Current Mhz: 2300, Mhz Limit: 2300
Processor Information for processor 12
  Max Mhz: 2300, Current Mhz: 2300, Mhz Limit: 2300
Processor Information for processor 13
  Max Mhz: 2300, Current Mhz: 2300, Mhz Limit: 2300
Processor Information for processor 14
  Max Mhz: 2300, Current Mhz: 1506, Mhz Limit: 2300
Processor Information for processor 15
  Max Mhz: 2300, Current Mhz: 2300, Mhz Limit: 2300
Processor Information for processor 16
  Max Mhz: 2300, Current Mhz: 1500, Mhz Limit: 1679
Processor Information for processor 17
  Max Mhz: 2300, Current Mhz: 1500, Mhz Limit: 1679
Processor Information for processor 18
  Max Mhz: 2300, Current Mhz: 1500, Mhz Limit: 1679
Processor Information for processor 19
  Max Mhz: 2300, Current Mhz: 1500, Mhz Limit: 1679
Processor Information for processor 20
  Max Mhz: 2300, Current Mhz: 1500, Mhz Limit: 1679
Processor Information for processor 21
  Max Mhz: 2300, Current Mhz: 1500, Mhz Limit: 1679
Processor Information for processor 22
  Max Mhz: 2300, Current Mhz: 1500, Mhz Limit: 1679
Processor Information for processor 23
  Max Mhz: 2300, Current Mhz: 1500, Mhz Limit: 1679

Memory: 4k page, system-wide physical 130756M (44897M free)
TotalPageFile size 252500M (AvailPageFile size 807M)
current process WorkingSet (physical memory assigned to process): 13M, peak: 13M
current process commit charge ("private bytes"): 82M, peak: 2130M

vm_info: OpenJDK 64-Bit Server VM (17.0.10+7) for windows-amd64 JRE (17.0.10+7), built on Jan 16 2024 23:25:11 by "admin" with MS VC++ 16.10 / 16.11 (VS2019)

END.
